INC4004:Balance_Type match condition failed:MSISDN=139528731148:BALANCE_TYPE=3326:BE_BUCKET_VALUE=1:BE_BUCKET_ID=141489686:ACTION=Logging
INC2001:Subscriber Profile field Missing:MSISDN=139528731148:IMEI=:IMSI=424030231271885:HLRAddress=971550930187:LanguageID=12:ACTION=Logging
INC4004:Balance_Type match condition failed:MSISDN=139585403105:BALANCE_TYPE=74:BE_BUCKET_VALUE=0:BE_BUCKET_ID=1045937:ACTION=Logging
INC4002:Balance_Type lookup failed:MSISDN=139585403105:BALANCE_TYPE=3036:BE_BUCKET_VALUE=0:BE_BUCKET_ID=-1849156944:ACTION=Logging
INC4002:Balance_Type lookup failed:MSISDN=139585403105:BALANCE_TYPE=3172:BE_BUCKET_VALUE=1:BE_BUCKET_ID=1967938528:ACTION=Logging
INC4002:Balance_Type lookup failed:MSISDN=139585403105:BALANCE_TYPE=3091:BE_BUCKET_VALUE=0:BE_BUCKET_ID=-2028414048:ACTION=Logging
INC4004:Balance_Type match condition failed:MSISDN=139585403105:BALANCE_TYPE=2927:BE_BUCKET_VALUE=0:BE_BUCKET_ID=-2044576128:ACTION=Logging
INC4001:Balance_Type expired:MSISDN=971529387079:BALANCE_TYPE=1994:BE_BUCKET_VALUE=-82944:BE_BUCKET_ID=1472063890:BE_EXPIRY=2018-02-08 21:30:12:ACTION=Logging
INC4002:Balance_Type lookup failed:MSISDN=139528731148:BALANCE_TYPE=3091:BE_BUCKET_VALUE=0:BE_BUCKET_ID=141489110:ACTION=Logging
INC4004:Balance_Type match condition failed:MSISDN=139528731148:BALANCE_TYPE=3310:BE_BUCKET_VALUE=1:BE_BUCKET_ID=141466214:ACTION=Logging
INC4001:Balance_Type expired:MSISDN=139585403105:BALANCE_TYPE=1085:BE_BUCKET_VALUE=0:BE_BUCKET_ID=-2022667632:BE_EXPIRY=2018-08-31 16:23:46:ACTION=Logging
INC4004:Balance_Type match condition failed:MSISDN=139585403105:BALANCE_TYPE=1085:BE_BUCKET_VALUE=0:BE_BUCKET_ID=-2022667632:ACTION=Logging
INC4002:Balance_Type lookup failed:MSISDN=139528731148:BALANCE_TYPE=3172:BE_BUCKET_VALUE=1:BE_BUCKET_ID=194595254:ACTION=Logging
INC4002:Balance_Type lookup failed:MSISDN=971529387079:BALANCE_TYPE=3232:BE_BUCKET_VALUE=23:BE_BUCKET_ID=1599177202:ACTION=Logging
INC4002:Balance_Type lookup failed:MSISDN=971529387079:BALANCE_TYPE=3387:BE_BUCKET_VALUE=1:BE_BUCKET_ID=-1870428270:ACTION=Logging
INC4002:Balance_Type lookup failed:MSISDN=139585403105:BALANCE_TYPE=3034:BE_BUCKET_VALUE=0:BE_BUCKET_ID=-1938598224:ACTION=Logging
INC4004:Balance_Type match condition failed:MSISDN=139528731148:BALANCE_TYPE=2672:BE_BUCKET_VALUE=6:BE_BUCKET_ID=139857158:ACTION=Logging
INC4004:Balance_Type match condition failed:MSISDN=139585403105:BALANCE_TYPE=1616:BE_BUCKET_VALUE=0:BE_BUCKET_ID=1944004096:ACTION=Logging
INC4002:Balance_Type lookup failed:MSISDN=971529387079:BALANCE_TYPE=1835:BE_BUCKET_VALUE=6:BE_BUCKET_ID=1650326962:ACTION=Logging
INC4004:Balance_Type match condition failed:MSISDN=971529387079:BALANCE_TYPE=23:BE_BUCKET_VALUE=0:BE_BUCKET_ID=357612994:ACTION=Logging
INC2001:Subscriber Profile field Missing:MSISDN=139585403105:IMEI=:IMSI=424030231271885:HLRAddress=971550930187:LanguageID=12:ACTION=Logging
INC4002:Balance_Type lookup failed:MSISDN=971529387079:BALANCE_TYPE=2733:BE_BUCKET_VALUE=0:BE_BUCKET_ID=1466266162:ACTION=Logging
INC4002:Balance_Type lookup failed:MSISDN=139585403105:BALANCE_TYPE=1060:BE_BUCKET_VALUE=-1:BE_BUCKET_ID=1944002272:ACTION=Logging
INC4004:Balance_Type match condition failed:MSISDN=139585403105:BALANCE_TYPE=3310:BE_BUCKET_VALUE=1:BE_BUCKET_ID=-2041251744:ACTION=Logging
INC4004:Balance_Type match condition failed:MSISDN=139528731148:BALANCE_TYPE=1208:BE_BUCKET_VALUE=0:BE_BUCKET_ID=197464022:ACTION=Logging
INC4002:Balance_Type lookup failed:MSISDN=139528731148:BALANCE_TYPE=1060:BE_BUCKET_VALUE=-1:BE_BUCKET_ID=19282214:ACTION=Logging
INC4002:Balance_Type lookup failed:MSISDN=139528731148:BALANCE_TYPE=2925:BE_BUCKET_VALUE=0:BE_BUCKET_ID=220868150:ACTION=Logging
INC4004:Balance_Type match condition failed:MSISDN=139585403105:BALANCE_TYPE=1035:BE_BUCKET_VALUE=0:BE_BUCKET_ID=1045889:ACTION=Logging
INC4001:Balance_Type expired:MSISDN=139528731148:BALANCE_TYPE=3321:BE_BUCKET_VALUE=-23744:BE_BUCKET_ID=141489014:BE_EXPIRY=2018-08-20 10:40:41:ACTION=Logging
INC4001:Balance_Type expired:MSISDN=139528731148:BALANCE_TYPE=1208:BE_BUCKET_VALUE=0:BE_BUCKET_ID=197464022:BE_EXPIRY=2018-09-21 13:27:16:ACTION=Logging
INC4004:Balance_Type match condition failed:MSISDN=139528731148:BALANCE_TYPE=23:BE_BUCKET_VALUE=0:BE_BUCKET_ID=19281974:ACTION=Logging
INC4004:Balance_Type match condition failed:MSISDN=139528731148:BALANCE_TYPE=1511:BE_BUCKET_VALUE=2:BE_BUCKET_ID=121754150:ACTION=Logging
INC4004:Balance_Type match condition failed:MSISDN=139585403105:BALANCE_TYPE=3309:BE_BUCKET_VALUE=1:BE_BUCKET_ID=-2048391072:ACTION=Logging
INC4004:Balance_Type match condition failed:MSISDN=971529387079:BALANCE_TYPE=661:BE_BUCKET_VALUE=0:BE_BUCKET_ID=1604951746:ACTION=Logging
INC4004:Balance_Type match condition failed:MSISDN=139585403105:BALANCE_TYPE=23:BE_BUCKET_VALUE=0:BE_BUCKET_ID=1824205648:ACTION=Logging
INC4004:Balance_Type match condition failed:MSISDN=139528731148:BALANCE_TYPE=3309:BE_BUCKET_VALUE=1:BE_BUCKET_ID=139876406:ACTION=Logging
INC4002:Balance_Type lookup failed:MSISDN=139585403105:BALANCE_TYPE=3035:BE_BUCKET_VALUE=1:BE_BUCKET_ID=-1849158336:ACTION=Logging
INC4002:Balance_Type lookup failed:MSISDN=971529387079:BALANCE_TYPE=1060:BE_BUCKET_VALUE=-1:BE_BUCKET_ID=704142418:ACTION=Logging
INC2001:Subscriber Profile field Missing:MSISDN=971529387079:IMEI=:IMSI=424030231271885:HLRAddress=971550930187:LanguageID=12:ACTION=Logging
INC4004:Balance_Type match condition failed:MSISDN=139528731148:BALANCE_TYPE=2927:BE_BUCKET_VALUE=0:BE_BUCKET_ID=220868102:ACTION=Logging
INC2001:Subscriber Profile field Missing:MSISDN=139556274787:IMEI=:IMSI=424030231271885:HLRAddress=971550930187:LanguageID=12:ACTION=Logging
INC4002:Balance_Type lookup failed:MSISDN=139556274787:BALANCE_TYPE=2925:BE_BUCKET_VALUE=9:BE_BUCKET_ID=-1990839864:ACTION=Logging
INC4002:Balance_Type lookup failed:MSISDN=139522315718:BALANCE_TYPE=1249:BE_BUCKET_VALUE=1:BE_BUCKET_ID=389072532:ACTION=Logging
INC4004:Balance_Type match condition failed:MSISDN=971529387078:BALANCE_TYPE=23:BE_BUCKET_VALUE=0:BE_BUCKET_ID=357612994:ACTION=Logging
INC4004:Balance_Type match condition failed:MSISDN=139556274787:BALANCE_TYPE=23:BE_BUCKET_VALUE=0:BE_BUCKET_ID=-2076789240:ACTION=Logging
INC4002:Balance_Type lookup failed:MSISDN=971529387078:BALANCE_TYPE=1835:BE_BUCKET_VALUE=6:BE_BUCKET_ID=1650326962:ACTION=Logging
INC4002:Balance_Type lookup failed:MSISDN=971529387078:BALANCE_TYPE=3387:BE_BUCKET_VALUE=1:BE_BUCKET_ID=-1870428270:ACTION=Logging
INC4004:Balance_Type match condition failed:MSISDN=139556274787:BALANCE_TYPE=2927:BE_BUCKET_VALUE=4:BE_BUCKET_ID=-2075335752:ACTION=Logging
INC4002:Balance_Type lookup failed:MSISDN=971529387078:BALANCE_TYPE=1060:BE_BUCKET_VALUE=-1:BE_BUCKET_ID=704142418:ACTION=Logging
INC4002:Balance_Type lookup failed:MSISDN=971529387078:BALANCE_TYPE=3232:BE_BUCKET_VALUE=23:BE_BUCKET_ID=1599177202:ACTION=Logging
INC4002:Balance_Type lookup failed:MSISDN=971529387078:BALANCE_TYPE=2733:BE_BUCKET_VALUE=0:BE_BUCKET_ID=1466266162:ACTION=Logging
INC4004:Balance_Type match condition failed:MSISDN=139522315718:BALANCE_TYPE=23:BE_BUCKET_VALUE=0:BE_BUCKET_ID=285221076:ACTION=Logging
INC4002:Balance_Type lookup failed:MSISDN=139556274787:BALANCE_TYPE=3318:BE_BUCKET_VALUE=0:BE_BUCKET_ID=-1987497384:ACTION=Logging
INC2001:Subscriber Profile field Missing:MSISDN=971529387078:IMEI=:IMSI=424030231271885:HLRAddress=971550930187:LanguageID=12:ACTION=Logging
INC4002:Balance_Type lookup failed:MSISDN=139556274787:BALANCE_TYPE=3395:BE_BUCKET_VALUE=1:BE_BUCKET_ID=-2076663000:ACTION=Logging
INC4001:Balance_Type expired:MSISDN=971529387078:BALANCE_TYPE=1994:BE_BUCKET_VALUE=-82944:BE_BUCKET_ID=1472063890:BE_EXPIRY=2018-02-08 21:30:12:ACTION=Logging
INC4002:Balance_Type lookup failed:MSISDN=139556274787:BALANCE_TYPE=3361:BE_BUCKET_VALUE=6:BE_BUCKET_ID=-2076662904:ACTION=Logging
INC2001:Subscriber Profile field Missing:MSISDN=139522315718:IMEI=:IMSI=424030231271885:HLRAddress=971550930187:LanguageID=12:ACTION=Logging
INC4004:Balance_Type match condition failed:MSISDN=971529387078:BALANCE_TYPE=661:BE_BUCKET_VALUE=0:BE_BUCKET_ID=1604951746:ACTION=Logging
INC4001:Balance_Type expired:MSISDN=971529387080:BALANCE_TYPE=1994:BE_BUCKET_VALUE=-82944:BE_BUCKET_ID=1472063890:BE_EXPIRY=2018-02-08 21:30:12:ACTION=Logging
INC4002:Balance_Type lookup failed:MSISDN=139589128853:BALANCE_TYPE=3361:BE_BUCKET_VALUE=6:BE_BUCKET_ID=-2051158248:ACTION=Logging
INC4007:Actual derived value post conversion:MSISDN=139589068017:BALANCE_TYPE=779:BE_BUCKET_VALUE=1231879:BE_BUCKET_ID=358121526:DERIVED_VALUE=129171875.4304:ACTION=Logging
INC2001:Subscriber Profile field Missing:MSISDN=971529387080:IMEI=:IMSI=424030231271885:HLRAddress=971550930187:LanguageID=12:ACTION=Logging
INC4002:Balance_Type lookup failed:MSISDN=971529387080:BALANCE_TYPE=2733:BE_BUCKET_VALUE=0:BE_BUCKET_ID=1466266162:ACTION=Logging
INC4002:Balance_Type lookup failed:MSISDN=971529387080:BALANCE_TYPE=1060:BE_BUCKET_VALUE=-1:BE_BUCKET_ID=704142418:ACTION=Logging
INC4004:Balance_Type match condition failed:MSISDN=139589128853:BALANCE_TYPE=1267:BE_BUCKET_VALUE=2097152:BE_BUCKET_ID=-2044833048:ACTION=Logging
INC4002:Balance_Type lookup failed:MSISDN=971529387077:BALANCE_TYPE=2733:BE_BUCKET_VALUE=0:BE_BUCKET_ID=1466266162:ACTION=Logging
INC2001:Subscriber Profile field Missing:MSISDN=971529387077:IMEI=:IMSI=424030231271885:HLRAddress=971550930187:LanguageID=12:ACTION=Logging
INC4004:Balance_Type match condition failed:MSISDN=971529387080:BALANCE_TYPE=661:BE_BUCKET_VALUE=0:BE_BUCKET_ID=1604951746:ACTION=Logging
INC4004:Balance_Type match condition failed:MSISDN=139589068017:BALANCE_TYPE=23:BE_BUCKET_VALUE=0:BE_BUCKET_ID=18105414:ACTION=Logging
INC4002:Balance_Type lookup failed:MSISDN=971529387077:BALANCE_TYPE=1060:BE_BUCKET_VALUE=-1:BE_BUCKET_ID=704142418:ACTION=Logging
INC4006:Derived DA_BALANCE or UC_VALUE is negative but migrated as zero:MSISDN=139589068017:BALANCE_TYPE=2032:BE_BUCKET_VALUE=458900:BE_BUCKET_ID=358121430:TARGET_ID=251007:DERIVED_VALUE=-458800:ACTION=Logging
INC4001:Balance_Type expired:MSISDN=971529387077:BALANCE_TYPE=1994:BE_BUCKET_VALUE=-82944:BE_BUCKET_ID=1472063890:BE_EXPIRY=2018-02-08 21:30:12:ACTION=Logging
INC4002:Balance_Type lookup failed:MSISDN=139589128853:BALANCE_TYPE=1956:BE_BUCKET_VALUE=110:BE_BUCKET_ID=-2044833096:ACTION=Logging
INC4002:Balance_Type lookup failed:MSISDN=139589128853:BALANCE_TYPE=3318:BE_BUCKET_VALUE=0:BE_BUCKET_ID=-2044832856:ACTION=Logging
INC4002:Balance_Type lookup failed:MSISDN=971529387077:BALANCE_TYPE=3232:BE_BUCKET_VALUE=23:BE_BUCKET_ID=1599177202:ACTION=Logging
INC4007:Actual derived value post conversion:MSISDN=139589128853:BALANCE_TYPE=779:BE_BUCKET_VALUE=180:BE_BUCKET_ID=-2044833192:DERIVED_VALUE=18874.3680:ACTION=Logging
INC4004:Balance_Type match condition failed:MSISDN=971529387077:BALANCE_TYPE=661:BE_BUCKET_VALUE=0:BE_BUCKET_ID=1604951746:ACTION=Logging
INC2001:Subscriber Profile field Missing:MSISDN=139589068017:IMEI=:IMSI=424030231271885:HLRAddress=971550930187:LanguageID=12:ACTION=Logging
INC4002:Balance_Type lookup failed:MSISDN=971529387080:BALANCE_TYPE=3232:BE_BUCKET_VALUE=23:BE_BUCKET_ID=1599177202:ACTION=Logging
INC2001:Subscriber Profile field Missing:MSISDN=139589128853:IMEI=:IMSI=424030231271885:HLRAddress=971550930187:LanguageID=12:ACTION=Logging
INC4002:Balance_Type lookup failed:MSISDN=971529387077:BALANCE_TYPE=1835:BE_BUCKET_VALUE=6:BE_BUCKET_ID=1650326962:ACTION=Logging
INC4002:Balance_Type lookup failed:MSISDN=971529387080:BALANCE_TYPE=3387:BE_BUCKET_VALUE=1:BE_BUCKET_ID=-1870428270:ACTION=Logging
INC4004:Balance_Type match condition failed:MSISDN=971529387077:BALANCE_TYPE=23:BE_BUCKET_VALUE=0:BE_BUCKET_ID=357612994:ACTION=Logging
INC4002:Balance_Type lookup failed:MSISDN=139589128853:BALANCE_TYPE=3395:BE_BUCKET_VALUE=1:BE_BUCKET_ID=-2051158344:ACTION=Logging
INC4004:Balance_Type match condition failed:MSISDN=971529387080:BALANCE_TYPE=23:BE_BUCKET_VALUE=0:BE_BUCKET_ID=357612994:ACTION=Logging
INC4002:Balance_Type lookup failed:MSISDN=971529387080:BALANCE_TYPE=1835:BE_BUCKET_VALUE=6:BE_BUCKET_ID=1650326962:ACTION=Logging
INC4006:Derived DA_BALANCE or UC_VALUE is negative but migrated as zero:MSISDN=139589128853:BALANCE_TYPE=55:BE_BUCKET_VALUE=607712:BE_BUCKET_ID=-1976796648:TARGET_ID=501821:DERIVED_VALUE=-202866688:ACTION=Logging
INC4004:Balance_Type match condition failed:MSISDN=139589128853:BALANCE_TYPE=23:BE_BUCKET_VALUE=0:BE_BUCKET_ID=2014570168:ACTION=Logging
INC4002:Balance_Type lookup failed:MSISDN=971529387077:BALANCE_TYPE=3387:BE_BUCKET_VALUE=1:BE_BUCKET_ID=-1870428270:ACTION=Logging
