INC7001:Master mapping considered:MSISDN=139528731148:BALANCE_TYPE=1204:OFFER_ID=3001:BE_BUCKET_ID=199202966:ACTION=Logging
INC7001:Master mapping considered:MSISDN=139528731148:BALANCE_TYPE=1205:OFFER_ID=3001:BE_BUCKET_ID=199202870:ACTION=Logging
INC7001:Master mapping considered:MSISDN=971529387079:BALANCE_TYPE=1204:OFFER_ID=3001:BE_BUCKET_ID=1082048242:ACTION=Logging
INC7003:Add_UC considered:MSISDN=139528731148:BALANCE_TYPE=92:UC_ID=51:BE_BUCKET_ID=19282166:UC_VALUE=135758200:ACTION=Logging
INC7001:Master mapping considered:MSISDN=971529387079:BALANCE_TYPE=1206:OFFER_ID=3001:BE_BUCKET_ID=1082048194:ACTION=Logging
INC7001:Master mapping considered:MSISDN=139528731148:BALANCE_TYPE=1206:OFFER_ID=3001:BE_BUCKET_ID=199202918:ACTION=Logging
INC7001:Master mapping considered:MSISDN=971529387079:BALANCE_TYPE=55:OFFER_ID=5017:BE_BUCKET_ID=357613090:ACTION=Logging
INC7001:Master mapping considered:MSISDN=139528731148:BALANCE_TYPE=25:OFFER_ID=1170:BE_BUCKET_ID=19282022:ACTION=Logging
INC7003:Add_UC considered:MSISDN=139585403105:BALANCE_TYPE=92:UC_ID=51:BE_BUCKET_ID=1824205840:UC_VALUE=2146413700:ACTION=Logging
INC7001:Master mapping considered:MSISDN=139528731148:BALANCE_TYPE=55:OFFER_ID=5017:BE_BUCKET_ID=19282070:ACTION=Logging
INC7001:Master mapping considered:MSISDN=971529387079:BALANCE_TYPE=25:OFFER_ID=1170:BE_BUCKET_ID=357613042:ACTION=Logging
INC7003:Add_UC considered:MSISDN=971529387079:BALANCE_TYPE=92:UC_ID=51:BE_BUCKET_ID=1523449138:UC_VALUE=94949400:ACTION=Logging
INC7001:Master mapping considered:MSISDN=139585403105:BALANCE_TYPE=25:OFFER_ID=1170:BE_BUCKET_ID=1824205696:ACTION=Logging
INC7001:Master mapping considered:MSISDN=139585403105:BALANCE_TYPE=55:OFFER_ID=5017:BE_BUCKET_ID=1824205744:ACTION=Logging
INC7001:Master mapping considered:MSISDN=971529387079:BALANCE_TYPE=1205:OFFER_ID=3001:BE_BUCKET_ID=1082048146:ACTION=Logging
INC7001:Master mapping considered:MSISDN=139556274787:BALANCE_TYPE=55:OFFER_ID=5017:BE_BUCKET_ID=-2076789144:ACTION=Logging
INC7001:Master mapping considered:MSISDN=971529387078:BALANCE_TYPE=55:OFFER_ID=5017:BE_BUCKET_ID=357613090:ACTION=Logging
INC7001:Master mapping considered:MSISDN=139556274787:BALANCE_TYPE=25:OFFER_ID=1170:BE_BUCKET_ID=-1988083272:ACTION=Logging
INC7001:Master mapping considered:MSISDN=971529387078:BALANCE_TYPE=25:OFFER_ID=1170:BE_BUCKET_ID=357613042:ACTION=Logging
INC7001:Master mapping considered:MSISDN=971529387078:BALANCE_TYPE=1204:OFFER_ID=3001:BE_BUCKET_ID=1082048242:ACTION=Logging
INC7003:Add_UC considered:MSISDN=139522315718:BALANCE_TYPE=92:UC_ID=51:BE_BUCKET_ID=285221268:UC_VALUE=104737500:ACTION=Logging
INC7004:GRACE PC considered:MSISDN=139556274787:BALANCE_TYPE=2932:BE_BUCKET_ID=-1990839912:OFFER_ID=91:ACTION=Logging
INC7001:Master mapping considered:MSISDN=971529387078:BALANCE_TYPE=1206:OFFER_ID=3001:BE_BUCKET_ID=1082048194:ACTION=Logging
INC7001:Master mapping considered:MSISDN=139522315718:BALANCE_TYPE=55:OFFER_ID=5017:BE_BUCKET_ID=285221172:ACTION=Logging
INC7003:Add_UC considered:MSISDN=139556274787:BALANCE_TYPE=92:UC_ID=51:BE_BUCKET_ID=-2076789048:UC_VALUE=216380100:ACTION=Logging
INC7001:Master mapping considered:MSISDN=971529387078:BALANCE_TYPE=1205:OFFER_ID=3001:BE_BUCKET_ID=1082048146:ACTION=Logging
INC7001:Master mapping considered:MSISDN=139522315718:BALANCE_TYPE=25:OFFER_ID=1170:BE_BUCKET_ID=285221124:ACTION=Logging
INC7001:Master mapping considered:MSISDN=139556274787:BALANCE_TYPE=25:OFFER_ID=1170:BE_BUCKET_ID=-2076789192:ACTION=Logging
INC7003:Add_UC considered:MSISDN=971529387078:BALANCE_TYPE=92:UC_ID=51:BE_BUCKET_ID=1523449138:UC_VALUE=94949400:ACTION=Logging
INC7001:Master mapping considered:MSISDN=971529387077:BALANCE_TYPE=1205:OFFER_ID=3001:BE_BUCKET_ID=1082048146:ACTION=Logging
INC7003:Add_UC considered:MSISDN=139589128853:BALANCE_TYPE=92:UC_ID=51:BE_BUCKET_ID=2014570360:UC_VALUE=248941200:ACTION=Logging
INC7001:Master mapping considered:MSISDN=139589128853:BALANCE_TYPE=1633:OFFER_ID=5017:BE_BUCKET_ID=-1976796696:ACTION=Logging
INC7001:Master mapping considered:MSISDN=971529387077:BALANCE_TYPE=1206:OFFER_ID=3001:BE_BUCKET_ID=1082048194:ACTION=Logging
INC7003:Add_UC considered:MSISDN=971529387077:BALANCE_TYPE=92:UC_ID=51:BE_BUCKET_ID=1523449138:UC_VALUE=94949400:ACTION=Logging
INC7001:Master mapping considered:MSISDN=139589128853:BALANCE_TYPE=55:OFFER_ID=5017:BE_BUCKET_ID=2014570264:ACTION=Logging
INC7001:Master mapping considered:MSISDN=971529387080:BALANCE_TYPE=1206:OFFER_ID=3001:BE_BUCKET_ID=1082048194:ACTION=Logging
INC7001:Master mapping considered:MSISDN=971529387080:BALANCE_TYPE=1204:OFFER_ID=3001:BE_BUCKET_ID=1082048242:ACTION=Logging
INC7001:Master mapping considered:MSISDN=139589068017:BALANCE_TYPE=25:OFFER_ID=1170:BE_BUCKET_ID=18105462:ACTION=Logging
INC7003:Add_UC considered:MSISDN=971529387080:BALANCE_TYPE=92:UC_ID=51:BE_BUCKET_ID=1523449138:UC_VALUE=94949400:ACTION=Logging
INC7001:Master mapping considered:MSISDN=971529387080:BALANCE_TYPE=1205:OFFER_ID=3001:BE_BUCKET_ID=1082048146:ACTION=Logging
INC7003:Add_UC considered:MSISDN=139589068017:BALANCE_TYPE=92:UC_ID=51:BE_BUCKET_ID=18105606:UC_VALUE=61983100:ACTION=Logging
INC7001:Master mapping considered:MSISDN=971529387077:BALANCE_TYPE=55:OFFER_ID=5017:BE_BUCKET_ID=357613090:ACTION=Logging
INC7001:Master mapping considered:MSISDN=139589128853:BALANCE_TYPE=25:OFFER_ID=1170:BE_BUCKET_ID=2014570216:ACTION=Logging
INC7001:Master mapping considered:MSISDN=971529387080:BALANCE_TYPE=55:OFFER_ID=5017:BE_BUCKET_ID=357613090:ACTION=Logging
INC7001:Master mapping considered:MSISDN=971529387077:BALANCE_TYPE=25:OFFER_ID=1170:BE_BUCKET_ID=357613042:ACTION=Logging
INC7001:Master mapping considered:MSISDN=139589068017:BALANCE_TYPE=55:OFFER_ID=5017:BE_BUCKET_ID=18105510:ACTION=Logging
INC7001:Master mapping considered:MSISDN=971529387080:BALANCE_TYPE=25:OFFER_ID=1170:BE_BUCKET_ID=357613042:ACTION=Logging
INC7001:Master mapping considered:MSISDN=139589128853:BALANCE_TYPE=1633:OFFER_ID=5017:BE_BUCKET_ID=-1994323944:ACTION=Logging
INC7001:Master mapping considered:MSISDN=971529387077:BALANCE_TYPE=1204:OFFER_ID=3001:BE_BUCKET_ID=1082048242:ACTION=Logging
